<?xml version="1.0" encoding="UTF-8"?>
<!-- Generated by org.testng.reporters.JUnitReportReporter -->
<testsuite hostname="LAPTOP-0D9HCL1A" failures="0" tests="6" name="testcases.LoginPageTest" time="14.077" errors="0" timestamp="2025-08-17T19:10:12 IST" skipped="0">
  <testcase classname="testcases.LoginPageTest" name="Verify_userLoginSuccess" time="4.034"/>
  <testcase classname="testcases.LoginPageTest" name="Verify_loginWithCorrectUsernameIncorrectPassword" time="1.658"/>
  <testcase classname="testcases.LoginPageTest" name="Verify_loginWithIncorrectUsernameCorrectPassword" time="2.638"/>
  <testcase classname="testcases.LoginPageTest" name="Verify_loginWithEmptyUsername" time="2.583"/>
  <testcase classname="testcases.LoginPageTest" name="Verify_loginWithEmptyPassword" time="1.554"/>
  <testcase classname="testcases.LoginPageTest" name="Verify_loginWithEmptyUsernameAndPassword" time="1.610"/>
</testsuite> <!-- testcases.LoginPageTest -->
