<?xml version="1.0" encoding="UTF-8"?>
<!-- Generated by org.testng.reporters.JUnitReportReporter -->
<testsuite hostname="DESKTOP-IFREV8G" failures="0" tests="5" name="testcases.InventoryPageTest" time="16.121" errors="0" timestamp="2025-07-06T21:36:51 IST" skipped="0">
  <testcase classname="testcases.InventoryPageTest" name="verify_TitleAndUrl" time="4.260"/>
  <testcase classname="testcases.InventoryPageTest" name="verify_SortingByNameAZ" time="2.419"/>
  <testcase classname="testcases.InventoryPageTest" name="verify_SortingByPriceHighToLow" time="2.867"/>
  <testcase classname="testcases.InventoryPageTest" name="verify_SortingByNameZA" time="3.338"/>
  <testcase classname="testcases.InventoryPageTest" name="verify_SortingByPriceLowToHigh" time="3.237"/>
</testsuite> <!-- testcases.InventoryPageTest -->
