<?xml version="1.0" encoding="UTF-8"?>
<!-- Generated by org.testng.reporters.JUnitReportReporter -->
<testsuite hostname="DESKTOP-IFREV8G" failures="0" tests="8" name="testcases.LoginPageTest" time="22.952" errors="0" timestamp="2025-07-06T21:36:51 IST" skipped="0">
  <testcase classname="testcases.LoginPageTest" name="Verify_pageTitle" time="4.274"/>
  <testcase classname="testcases.LoginPageTest" name="Verify_pageUrl" time="3.557"/>
  <testcase classname="testcases.LoginPageTest" name="Verify_userLoginSuccess" time="5.172"/>
  <testcase classname="testcases.LoginPageTest" name="Verify_loginWithCorrectUsernameIncorrectPassword" time="1.842"/>
  <testcase classname="testcases.LoginPageTest" name="Verify_loginWithIncorrectUsernameCorrectPassword" time="1.878"/>
  <testcase classname="testcases.LoginPageTest" name="Verify_loginWithEmptyUsername" time="2.730"/>
  <testcase classname="testcases.LoginPageTest" name="Verify_loginWithEmptyPassword" time="1.737"/>
  <testcase classname="testcases.LoginPageTest" name="Verify_loginWithEmptyUsernameAndPassword" time="1.762"/>
</testsuite> <!-- testcases.LoginPageTest -->
